Using pre-set license
Built from '2021.3/staging' branch; Version is '2021.3.10f1 (1c7d0df0160b) revision 1867021'; Using compiler version '192829333'; Build Type 'Release'
OS: 'Windows 11  (10.0.22621) 64bit Professional' Language: 'ko' Physical Memory: 16121 MB
BatchMode: 1, IsHumanControllingUs: 0, StartBugReporterOnCrash: 0, Is64bit: 1, IsPro: 1

COMMAND LINE ARGUMENTS:
C:\Program Files\Unity\Hub\Editor\2021.3.10f1\Editor\Unity.exe
-adb2
-batchMode
-noUpm
-name
AssetImportWorker2
-projectPath
D:/unity/EngineStudy
-logFile
Logs/AssetImportWorker2.log
-srvPort
14680
Successfully changed project path to: D:/unity/EngineStudy
D:/unity/EngineStudy
[UnityMemory] Configuration Parameters - Can be set up in boot.config
    "memorysetup-bucket-allocator-granularity=16"
    "memorysetup-bucket-allocator-bucket-count=8"
    "memorysetup-bucket-allocator-block-size=33554432"
    "memorysetup-bucket-allocator-block-count=8"
    "memorysetup-main-allocator-block-size=16777216"
    "memorysetup-thread-allocator-block-size=16777216"
    "memorysetup-gfx-main-allocator-block-size=16777216"
    "memorysetup-gfx-thread-allocator-block-size=16777216"
    "memorysetup-cache-allocator-block-size=4194304"
    "memorysetup-typetree-allocator-block-size=2097152"
    "memorysetup-profiler-bucket-allocator-granularity=16"
    "memorysetup-profiler-bucket-allocator-bucket-count=8"
    "memorysetup-profiler-bucket-allocator-block-size=33554432"
    "memorysetup-profiler-bucket-allocator-block-count=8"
    "memorysetup-profiler-allocator-block-size=16777216"
    "memorysetup-profiler-editor-allocator-block-size=1048576"
    "memorysetup-temp-allocator-size-main=16777216"
    "memorysetup-job-temp-allocator-block-size=2097152"
    "memorysetup-job-temp-allocator-block-size-background=1048576"
    "memorysetup-job-temp-allocator-reduction-small-platforms=262144"
    "memorysetup-temp-allocator-size-background-worker=32768"
    "memorysetup-temp-allocator-size-job-worker=262144"
    "memorysetup-temp-allocator-size-preload-manager=33554432"
    "memorysetup-temp-allocator-size-nav-mesh-worker=65536"
    "memorysetup-temp-allocator-size-audio-worker=65536"
    "memorysetup-temp-allocator-size-cloud-worker=32768"
    "memorysetup-temp-allocator-size-gi-baking-worker=262144"
    "memorysetup-temp-allocator-size-gfx=262144"
Refreshing native plugins compatible for Editor in 66.36 ms, found 3 plugins.
Preloading 0 native plugins for Editor in 0.00 ms.
Initialize engine version: 2021.3.10f1 (1c7d0df0160b)
[Subsystems] Discovering subsystems at path C:/Program Files/Unity/Hub/Editor/2021.3.10f1/Editor/Data/Resources/UnitySubsystems
[Subsystems] Discovering subsystems at path D:/unity/EngineStudy/Assets
GfxDevice: creating device client; threaded=0; jobified=0
Direct3D:
    Version:  Direct3D 11.0 [level 11.1]
    Renderer: NVIDIA GeForce RTX 3050 Ti Laptop GPU (ID=0x25a0)
    Vendor:   NVIDIA
    VRAM:     3990 MB
    Driver:   27.21.14.6235
Initialize mono
Mono path[0] = 'C:/Program Files/Unity/Hub/Editor/2021.3.10f1/Editor/Data/Managed'
Mono path[1] = 'C:/Program Files/Unity/Hub/Editor/2021.3.10f1/Editor/Data/MonoBleedingEdge/lib/mono/unityjit-win32'
Mono config path = 'C:/Program Files/Unity/Hub/Editor/2021.3.10f1/Editor/Data/MonoBleedingEdge/etc'
Using monoOptions --debugger-agent=transport=dt_socket,embedding=1,server=y,suspend=n,address=127.0.0.1:56900
Begin MonoManager ReloadAssembly
Registering precompiled unity dll's ...
Register platform support module: C:/Program Files/Unity/Hub/Editor/2021.3.10f1/Editor/Data/PlaybackEngines/AndroidPlayer/UnityEditor.Android.Extensions.dll
Register platform support module: C:/Program Files/Unity/Hub/Editor/2021.3.10f1/Editor/Data/PlaybackEngines/WindowsStandaloneSupport/UnityEditor.WindowsStandalone.Extensions.dll
Registered in 0.003763 seconds.
Native extension for WindowsStandalone target not found
Native extension for Android target not found
Refreshing native plugins compatible for Editor in 62.78 ms, found 3 plugins.
Preloading 0 native plugins for Editor in 0.00 ms.
Mono: successfully reloaded assembly
- Completed reload, in  0.500 seconds
Domain Reload Profiling:
	ReloadAssembly (501ms)
		BeginReloadAssembly (56ms)
			ExecutionOrderSort (0ms)
			DisableScriptedObjects (0ms)
			BackupInstance (0ms)
			ReleaseScriptingObjects (0ms)
			CreateAndSetChildDomain (1ms)
		EndReloadAssembly (366ms)
			LoadAssemblies (55ms)
			RebuildTransferFunctionScriptingTraits (0ms)
			SetupTypeCache (81ms)
			ReleaseScriptCaches (0ms)
			RebuildScriptCaches (22ms)
			SetupLoadedEditorAssemblies (226ms)
				LogAssemblyErrors (0ms)
				InitializePlatformSupportModulesInManaged (40ms)
				SetLoadedEditorAssemblies (0ms)
				RefreshPlugins (63ms)
				BeforeProcessingInitializeOnLoad (1ms)
				ProcessInitializeOnLoadAttributes (73ms)
				ProcessInitializeOnLoadMethodAttributes (49ms)
				AfterProcessingInitializeOnLoad (0ms)
				EditorAssembliesLoaded (0ms)
			ExecutionOrderSort2 (0ms)
			AwakeInstancesAfterBackupRestoration (0ms)
Platform modules already initialized, skipping
Registering precompiled user dll's ...
Registered in 0.002495 seconds.
Begin MonoManager ReloadAssembly
Symbol file LoadedFromMemory doesn't match image D:\unity\EngineStudy\Library\PackageCache\com.unity.visualscripting@1.7.8\Editor\VisualScripting.Core\Dependencies\YamlDotNet\Unity.VisualScripting.YamlDotNet.dll
Symbol file LoadedFromMemory doesn't match image D:\unity\EngineStudy\Library\PackageCache\com.unity.visualscripting@1.7.8\Editor\VisualScripting.Core\Dependencies\DotNetZip\Unity.VisualScripting.IonicZip.dll
Native extension for WindowsStandalone target not found
Native extension for Android target not found
Refreshing native plugins compatible for Editor in 0.54 ms, found 3 plugins.
Preloading 0 native plugins for Editor in 0.00 ms.
Mono: successfully reloaded assembly
- Completed reload, in  0.864 seconds
Domain Reload Profiling:
	ReloadAssembly (864ms)
		BeginReloadAssembly (196ms)
			ExecutionOrderSort (0ms)
			DisableScriptedObjects (4ms)
			BackupInstance (0ms)
			ReleaseScriptingObjects (0ms)
			CreateAndSetChildDomain (129ms)
		EndReloadAssembly (591ms)
			LoadAssemblies (61ms)
			RebuildTransferFunctionScriptingTraits (0ms)
			SetupTypeCache (181ms)
			ReleaseScriptCaches (0ms)
			RebuildScriptCaches (38ms)
			SetupLoadedEditorAssemblies (285ms)
				LogAssemblyErrors (0ms)
				InitializePlatformSupportModulesInManaged (10ms)
				SetLoadedEditorAssemblies (0ms)
				RefreshPlugins (1ms)
				BeforeProcessingInitializeOnLoad (66ms)
				ProcessInitializeOnLoadAttributes (184ms)
				ProcessInitializeOnLoadMethodAttributes (21ms)
				AfterProcessingInitializeOnLoad (4ms)
				EditorAssembliesLoaded (0ms)
			ExecutionOrderSort2 (0ms)
			AwakeInstancesAfterBackupRestoration (8ms)
Platform modules already initialized, skipping
========================================================================
Worker process is ready to serve import requests
Launched and connected shader compiler UnityShaderCompiler.exe after 0.04 seconds
Refreshing native plugins compatible for Editor in 0.55 ms, found 3 plugins.
Preloading 0 native plugins for Editor in 0.00 ms.
Unloading 3404 Unused Serialized files (Serialized files now loaded: 0)
Unloading 27 unused Assets / (114.3 KB). Loaded Objects now: 3869.
Memory consumption went from 129.2 MB to 129.1 MB.
Total: 2.740600 ms (FindLiveObjects: 0.309800 ms CreateObjectMapping: 0.123100 ms MarkObjects: 2.203500 ms  DeleteObjects: 0.103200 ms)

AssetImportParameters requested are different than current active one (requested -> active):
  custom:video-decoder-ogg-theora: a1e56fd34408186e4bbccfd4996cb3dc -> 
  custom:container-muxer-webm: aa71ff27fc2769a1b78a27578f13a17b -> 
  custom:container-demuxer-webm: 4f35f7cbe854078d1ac9338744f61a02 -> 
  custom:video-encoder-webm-vp8: eb34c28f22e8b96e1ab97ce403110664 -> 
  custom:audio-encoder-webm-vorbis: bf7c407c2cedff20999df2af8eb42d56 -> 
  custom:framework-win-MediaFoundation: 216162199b28c13a410421893ffa2e32 -> 
  custom:container-demuxer-ogg: 62fdf1f143b41e24485cea50d1cbac27 -> 
  custom:video-decoder-webm-vp8: 9c59270c3fd7afecdb556c50c9e8de78 -> 
  custom:audio-decoder-ogg-vorbis: bf7c407c2cedff20999df2af8eb42d56 -> 
========================================================================
Received Import Request.
  Time since last request: 1200208.680671 seconds.
  path: Assets/02.Textures/SkyBox Volume 2/Stars01
  artifactKey: Guid(7205d8dd4719b49fc9aca87983025c7b) Importer(815301076,1909f56bfc062723c751e8b465ee728b)
Start importing Assets/02.Textures/SkyBox Volume 2/Stars01 using Guid(7205d8dd4719b49fc9aca87983025c7b) Importer(815301076,1909f56bfc062723c751e8b465ee728b)  -> (artifact id: 'd42be6dfc9bffca0af1979c2becca57a') in 0.008523 seconds 
========================================================================
Received Import Request.
  Time since last request: 0.072822 seconds.
  path: Assets/02.Textures/SkyBox Volume 2/Stars01/backImage.png
  artifactKey: Guid(0fbf23bda4c210c44a0fe51c9bbaecc7) Importer(815301076,1909f56bfc062723c751e8b465ee728b)
Start importing Assets/02.Textures/SkyBox Volume 2/Stars01/backImage.png using Guid(0fbf23bda4c210c44a0fe51c9bbaecc7) Importer(815301076,1909f56bfc062723c751e8b465ee728b)  -> (artifact id: '0b55b100033aa2198dbfe1e0cce546bb') in 0.122143 seconds 
========================================================================
Received Import Request.
  Time since last request: 21.828952 seconds.
  path: Assets/05.Materials/SkyBox.mat
  artifactKey: Guid(664d9933b993fa548981b6310b186ab2) Importer(815301076,1909f56bfc062723c751e8b465ee728b)
Start importing Assets/05.Materials/SkyBox.mat using Guid(664d9933b993fa548981b6310b186ab2) Importer(815301076,1909f56bfc062723c751e8b465ee728b)  -> (artifact id: '8121081fb7571113156caa361c5d7604') in 0.060275 seconds 
========================================================================
Received Import Request.
  Time since last request: 16.888147 seconds.
  path: Assets/02.Textures/SkyBox Volume 2/DeepSpaceGreenWithPlanet/backImage.png
  artifactKey: Guid(b8eac033bd49f0f4a8914a7454a2ec3c) Importer(815301076,1909f56bfc062723c751e8b465ee728b)
Start importing Assets/02.Textures/SkyBox Volume 2/DeepSpaceGreenWithPlanet/backImage.png using Guid(b8eac033bd49f0f4a8914a7454a2ec3c) Importer(815301076,1909f56bfc062723c751e8b465ee728b)  -> (artifact id: 'bfe9cba5bd0e8eae68f1984f9de4ccba') in 0.063060 seconds 
========================================================================
Received Import Request.
  Time since last request: 0.000024 seconds.
  path: Assets/02.Textures/SkyBox Volume 2/DeepSpaceGreenWithPlanet/leftImage.png
  artifactKey: Guid(25f74bd5fd43fe94a9bf7a33040c8fbf) Importer(815301076,1909f56bfc062723c751e8b465ee728b)
Start importing Assets/02.Textures/SkyBox Volume 2/DeepSpaceGreenWithPlanet/leftImage.png using Guid(25f74bd5fd43fe94a9bf7a33040c8fbf) Importer(815301076,1909f56bfc062723c751e8b465ee728b)  -> (artifact id: '2ced4da277a1c105eee854731979167a') in 0.025440 seconds 
========================================================================
Received Import Request.
  Time since last request: 0.000028 seconds.
  path: Assets/02.Textures/SkyBox Volume 2/DeepSpaceGreenWithPlanet/rightImage.png
  artifactKey: Guid(61e6c3739167eb34abfef78dcc131203) Importer(815301076,1909f56bfc062723c751e8b465ee728b)
Start importing Assets/02.Textures/SkyBox Volume 2/DeepSpaceGreenWithPlanet/rightImage.png using Guid(61e6c3739167eb34abfef78dcc131203) Importer(815301076,1909f56bfc062723c751e8b465ee728b)  -> (artifact id: 'efc513eda229721805bd7c9a548fa5a6') in 0.019460 seconds 
========================================================================
Received Import Request.
  Time since last request: 1.674964 seconds.
  path: Assets/02.Textures/SkyBox Volume 2/DeepSpaceGreen/backImage.png
  artifactKey: Guid(968c95c521a144942bcb53ab0dba230e) Importer(815301076,1909f56bfc062723c751e8b465ee728b)
Start importing Assets/02.Textures/SkyBox Volume 2/DeepSpaceGreen/backImage.png using Guid(968c95c521a144942bcb53ab0dba230e) Importer(815301076,1909f56bfc062723c751e8b465ee728b)  -> (artifact id: '2b284d694e28b3badb2aa7ede04e00a4') in 0.033976 seconds 
========================================================================
Received Import Request.
  Time since last request: 0.000021 seconds.
  path: Assets/02.Textures/SkyBox Volume 2/DeepSpaceGreen/upImage.png
  artifactKey: Guid(376b86c8806901b4990daf9dc1615895) Importer(815301076,1909f56bfc062723c751e8b465ee728b)
Start importing Assets/02.Textures/SkyBox Volume 2/DeepSpaceGreen/upImage.png using Guid(376b86c8806901b4990daf9dc1615895) Importer(815301076,1909f56bfc062723c751e8b465ee728b)  -> (artifact id: '3bfd89a75b03dc84a0f76de7a1ef1ca2') in 0.014466 seconds 
========================================================================
Received Import Request.
  Time since last request: 0.000018 seconds.
  path: Assets/02.Textures/SkyBox Volume 2/DeepSpaceGreen/rightImage.png
  artifactKey: Guid(7cc04e6ef3221c043afaef956af7b86f) Importer(815301076,1909f56bfc062723c751e8b465ee728b)
Start importing Assets/02.Textures/SkyBox Volume 2/DeepSpaceGreen/rightImage.png using Guid(7cc04e6ef3221c043afaef956af7b86f) Importer(815301076,1909f56bfc062723c751e8b465ee728b)  -> (artifact id: 'bb59a5afc81cdd4f142a112af97d703d') in 0.013294 seconds 
========================================================================
Received Import Request.
  Time since last request: 0.528809 seconds.
  path: Assets/02.Textures/SkyBox Volume 2/DeepSpaceBlueWithPlanet/backImage.png
  artifactKey: Guid(04550512a36deb34887e513ee0f31545) Importer(815301076,1909f56bfc062723c751e8b465ee728b)
Start importing Assets/02.Textures/SkyBox Volume 2/DeepSpaceBlueWithPlanet/backImage.png using Guid(04550512a36deb34887e513ee0f31545) Importer(815301076,1909f56bfc062723c751e8b465ee728b)  -> (artifact id: '5b2027923c33d02cede8e280a2f54f7f') in 0.030213 seconds 
========================================================================
Received Import Request.
  Time since last request: 0.000029 seconds.
  path: Assets/02.Textures/SkyBox Volume 2/DeepSpaceBlueWithPlanet/frontImage.png
  artifactKey: Guid(5695b2a32243d1e40884ad984dd6423d) Importer(815301076,1909f56bfc062723c751e8b465ee728b)
Start importing Assets/02.Textures/SkyBox Volume 2/DeepSpaceBlueWithPlanet/frontImage.png using Guid(5695b2a32243d1e40884ad984dd6423d) Importer(815301076,1909f56bfc062723c751e8b465ee728b)  -> (artifact id: '4691bd9fec98012950fe5216db06623a') in 0.022278 seconds 
========================================================================
Received Import Request.
  Time since last request: 0.000019 seconds.
  path: Assets/02.Textures/SkyBox Volume 2/DeepSpaceBlueWithPlanet/rightImage.png
  artifactKey: Guid(ba628713edc8c9246ae86c79210da921) Importer(815301076,1909f56bfc062723c751e8b465ee728b)
Start importing Assets/02.Textures/SkyBox Volume 2/DeepSpaceBlueWithPlanet/rightImage.png using Guid(ba628713edc8c9246ae86c79210da921) Importer(815301076,1909f56bfc062723c751e8b465ee728b)  -> (artifact id: '82c597a7677f8268be2e9f8599e2b647') in 0.010739 seconds 
========================================================================
Received Import Request.
  Time since last request: 3.337784 seconds.
  path: Assets/02.Textures/SkyBox Volume 2/DeepSpaceRed/backImage.png
  artifactKey: Guid(0d37d5a7bd77d4c4d87538ec79a8c071) Importer(815301076,1909f56bfc062723c751e8b465ee728b)
Start importing Assets/02.Textures/SkyBox Volume 2/DeepSpaceRed/backImage.png using Guid(0d37d5a7bd77d4c4d87538ec79a8c071) Importer(815301076,1909f56bfc062723c751e8b465ee728b)  -> (artifact id: 'a582ab2a63dbbf6bacc989b339fd94b9') in 0.025940 seconds 
========================================================================
Received Import Request.
  Time since last request: 0.000019 seconds.
  path: Assets/02.Textures/SkyBox Volume 2/DeepSpaceRed/leftImage.png
  artifactKey: Guid(f4ff7b3598c10f443b97a6624d7226e1) Importer(815301076,1909f56bfc062723c751e8b465ee728b)
Start importing Assets/02.Textures/SkyBox Volume 2/DeepSpaceRed/leftImage.png using Guid(f4ff7b3598c10f443b97a6624d7226e1) Importer(815301076,1909f56bfc062723c751e8b465ee728b)  -> (artifact id: '59e8aaf2671a1ddba08ea9a577b3c0f4') in 0.020368 seconds 
========================================================================
Received Import Request.
  Time since last request: 0.000021 seconds.
  path: Assets/02.Textures/SkyBox Volume 2/DeepSpaceRed/rightImage.png
  artifactKey: Guid(6ea2e7ab328ea214a97f55c279f4a884) Importer(815301076,1909f56bfc062723c751e8b465ee728b)
Start importing Assets/02.Textures/SkyBox Volume 2/DeepSpaceRed/rightImage.png using Guid(6ea2e7ab328ea214a97f55c279f4a884) Importer(815301076,1909f56bfc062723c751e8b465ee728b)  -> (artifact id: '7d6cfe1051a113e4e1124850f6ac0282') in 0.018763 seconds 
========================================================================
Received Import Request.
  Time since last request: 530.219997 seconds.
  path: Assets/07.Animations/Upper Body Mask.mask
  artifactKey: Guid(a0bb31f6cca2c444dabf132a8b2b5f93) Importer(815301076,1909f56bfc062723c751e8b465ee728b)
Start importing Assets/07.Animations/Upper Body Mask.mask using Guid(a0bb31f6cca2c444dabf132a8b2b5f93) Importer(815301076,1909f56bfc062723c751e8b465ee728b)  -> (artifact id: 'dffa956c92ebb85048b3924a45619c57') in 0.007917 seconds 
========================================================================
Received Import Request.
  Time since last request: 2.664204 seconds.
  path: Assets/07.Animations/Aim Idle.anim
  artifactKey: Guid(e5cfc0338b75c5f4c94f142b2aca2d3a) Importer(815301076,1909f56bfc062723c751e8b465ee728b)
Start importing Assets/07.Animations/Aim Idle.anim using Guid(e5cfc0338b75c5f4c94f142b2aca2d3a) Importer(815301076,1909f56bfc062723c751e8b465ee728b)  -> (artifact id: '10ad4d85e01ee46b4daea05d5de95419') in 0.033527 seconds 
========================================================================
Received Import Request.
  Time since last request: 5.514172 seconds.
  path: Assets/07.Animations/Humanoid Run.anim
  artifactKey: Guid(5e4ae6245765bc043bb0769f060ac73c) Importer(815301076,1909f56bfc062723c751e8b465ee728b)
Start importing Assets/07.Animations/Humanoid Run.anim using Guid(5e4ae6245765bc043bb0769f060ac73c) Importer(815301076,1909f56bfc062723c751e8b465ee728b)  -> (artifact id: 'a55ae10b3c7d4d77b99479225746ee6f') in 0.009805 seconds 
========================================================================
Received Import Request.
  Time since last request: 275.801723 seconds.
  path: Assets/07.Animations/Test.anim
  artifactKey: Guid(d1b1be8406300b44587630f01fb95232) Importer(815301076,1909f56bfc062723c751e8b465ee728b)
Start importing Assets/07.Animations/Test.anim using Guid(d1b1be8406300b44587630f01fb95232) Importer(815301076,1909f56bfc062723c751e8b465ee728b)  -> (artifact id: '07009f2ff454b1a0dbaa1951e59c1ddc') in 0.003401 seconds 
========================================================================
Received Import Request.
  Time since last request: 1038.200754 seconds.
  path: Assets/07.Animations/Controller.controller
  artifactKey: Guid(d5880a2321dde0247895a6238f501fa5) Importer(815301076,1909f56bfc062723c751e8b465ee728b)
Start importing Assets/07.Animations/Controller.controller using Guid(d5880a2321dde0247895a6238f501fa5) Importer(815301076,1909f56bfc062723c751e8b465ee728b)  -> (artifact id: '259d629fe063ae68ff4acf2769034817') in 0.008823 seconds 
========================================================================
Received Import Request.
  Time since last request: 22.505027 seconds.
  path: Assets/07.Animations/Controller.controller
  artifactKey: Guid(d5880a2321dde0247895a6238f501fa5) Importer(815301076,1909f56bfc062723c751e8b465ee728b)
Start importing Assets/07.Animations/Controller.controller using Guid(d5880a2321dde0247895a6238f501fa5) Importer(815301076,1909f56bfc062723c751e8b465ee728b)  -> (artifact id: '42184c54e30cf78759e2718cf35717cb') in 0.043963 seconds 
========================================================================
Received Prepare
Registering precompiled user dll's ...
Registered in 0.002268 seconds.
Begin MonoManager ReloadAssembly
Symbol file LoadedFromMemory doesn't match image D:\unity\EngineStudy\Library\PackageCache\com.unity.visualscripting@1.7.8\Editor\VisualScripting.Core\Dependencies\YamlDotNet\Unity.VisualScripting.YamlDotNet.dll
Symbol file LoadedFromMemory doesn't match image D:\unity\EngineStudy\Library\PackageCache\com.unity.visualscripting@1.7.8\Editor\VisualScripting.Core\Dependencies\DotNetZip\Unity.VisualScripting.IonicZip.dll
Native extension for WindowsStandalone target not found
Native extension for Android target not found
Refreshing native plugins compatible for Editor in 0.80 ms, found 3 plugins.
Preloading 0 native plugins for Editor in 0.00 ms.
Mono: successfully reloaded assembly
- Completed reload, in  0.958 seconds
Domain Reload Profiling:
	ReloadAssembly (959ms)
		BeginReloadAssembly (146ms)
			ExecutionOrderSort (0ms)
			DisableScriptedObjects (4ms)
			BackupInstance (0ms)
			ReleaseScriptingObjects (0ms)
			CreateAndSetChildDomain (46ms)
		EndReloadAssembly (726ms)
			LoadAssemblies (88ms)
			RebuildTransferFunctionScriptingTraits (0ms)
			SetupTypeCache (256ms)
			ReleaseScriptCaches (2ms)
			RebuildScriptCaches (42ms)
			SetupLoadedEditorAssemblies (307ms)
				LogAssemblyErrors (0ms)
				InitializePlatformSupportModulesInManaged (22ms)
				SetLoadedEditorAssemblies (1ms)
				RefreshPlugins (1ms)
				BeforeProcessingInitializeOnLoad (57ms)
				ProcessInitializeOnLoadAttributes (187ms)
				ProcessInitializeOnLoadMethodAttributes (33ms)
				AfterProcessingInitializeOnLoad (5ms)
				EditorAssembliesLoaded (0ms)
			ExecutionOrderSort2 (0ms)
			AwakeInstancesAfterBackupRestoration (12ms)
Platform modules already initialized, skipping
Refreshing native plugins compatible for Editor in 1.48 ms, found 3 plugins.
Preloading 0 native plugins for Editor in 0.00 ms.
Unloading 3388 Unused Serialized files (Serialized files now loaded: 0)
Unloading 20 unused Assets / (81.1 KB). Loaded Objects now: 3915.
Memory consumption went from 132.6 MB to 132.6 MB.
Total: 2.956600 ms (FindLiveObjects: 0.256400 ms CreateObjectMapping: 0.086200 ms MarkObjects: 2.482300 ms  DeleteObjects: 0.130700 ms)

AssetImportParameters requested are different than current active one (requested -> active):
  custom:video-decoder-ogg-theora: a1e56fd34408186e4bbccfd4996cb3dc -> 
  custom:container-muxer-webm: aa71ff27fc2769a1b78a27578f13a17b -> 
  custom:container-demuxer-webm: 4f35f7cbe854078d1ac9338744f61a02 -> 
  custom:video-encoder-webm-vp8: eb34c28f22e8b96e1ab97ce403110664 -> 
  custom:audio-encoder-webm-vorbis: bf7c407c2cedff20999df2af8eb42d56 -> 
  custom:framework-win-MediaFoundation: 216162199b28c13a410421893ffa2e32 -> 
  custom:container-demuxer-ogg: 62fdf1f143b41e24485cea50d1cbac27 -> 
  custom:video-decoder-webm-vp8: 9c59270c3fd7afecdb556c50c9e8de78 -> 
  custom:audio-decoder-ogg-vorbis: bf7c407c2cedff20999df2af8eb42d56 -> 
========================================================================
Received Import Request.
  Time since last request: 769.002093 seconds.
  path: Assets/05.Materials/SkyBox.mat
  artifactKey: Guid(664d9933b993fa548981b6310b186ab2) Importer(815301076,1909f56bfc062723c751e8b465ee728b)
Start importing Assets/05.Materials/SkyBox.mat using Guid(664d9933b993fa548981b6310b186ab2) Importer(815301076,1909f56bfc062723c751e8b465ee728b)  -> (artifact id: '069c9ee0c5cf288b61ac97729a4b793c') in 0.147485 seconds 
========================================================================
Received Import Request.
  Time since last request: 1163.383456 seconds.
  path: Assets/07.Animations/UpperMask.mask
  artifactKey: Guid(ddd50e9aa8af2f04f8c857401afa09a2) Importer(815301076,1909f56bfc062723c751e8b465ee728b)
Start importing Assets/07.Animations/UpperMask.mask using Guid(ddd50e9aa8af2f04f8c857401afa09a2) Importer(815301076,1909f56bfc062723c751e8b465ee728b)  -> (artifact id: '9a355f7bbc67517b1b563355f11842e3') in 0.005092 seconds 
========================================================================
Received Import Request.
  Time since last request: 94.806083 seconds.
  path: Assets/07.Animations/UpperMask.mask
  artifactKey: Guid(ddd50e9aa8af2f04f8c857401afa09a2) Importer(815301076,1909f56bfc062723c751e8b465ee728b)
Start importing Assets/07.Animations/UpperMask.mask using Guid(ddd50e9aa8af2f04f8c857401afa09a2) Importer(815301076,1909f56bfc062723c751e8b465ee728b)  -> (artifact id: 'a5f4d891b657176ed6ce7d0b41b7b1dd') in 0.004339 seconds 
========================================================================
Received Import Request.
  Time since last request: 5.593649 seconds.
  path: Assets/07.Animations/Controller.controller
  artifactKey: Guid(d5880a2321dde0247895a6238f501fa5) Importer(815301076,1909f56bfc062723c751e8b465ee728b)
Start importing Assets/07.Animations/Controller.controller using Guid(d5880a2321dde0247895a6238f501fa5) Importer(815301076,1909f56bfc062723c751e8b465ee728b)  -> (artifact id: '0296b9e11190f5de4cc3c898077609fc') in 0.081061 seconds 
========================================================================
Received Import Request.
  Time since last request: 19.741564 seconds.
  path: Assets/unity-chan!/Unity-chan! Model/Art/Animations/FaceAnimation/face only mask.mask
  artifactKey: Guid(c6893d99d338240cd834967aa6448379) Importer(815301076,1909f56bfc062723c751e8b465ee728b)
Start importing Assets/unity-chan!/Unity-chan! Model/Art/Animations/FaceAnimation/face only mask.mask using Guid(c6893d99d338240cd834967aa6448379) Importer(815301076,1909f56bfc062723c751e8b465ee728b)  -> (artifact id: 'e752c7ef9f9361542b2d08b5a3416e92') in 0.004404 seconds 
========================================================================
Received Import Request.
  Time since last request: 214.821997 seconds.
  path: Assets/07.Animations/Controller.controller
  artifactKey: Guid(d5880a2321dde0247895a6238f501fa5) Importer(815301076,1909f56bfc062723c751e8b465ee728b)
Start importing Assets/07.Animations/Controller.controller using Guid(d5880a2321dde0247895a6238f501fa5) Importer(815301076,1909f56bfc062723c751e8b465ee728b)  -> (artifact id: 'a9f258ef83a402a1a719063f06978d9a') in 0.078712 seconds 
