Using pre-set license
Built from '2021.3/staging' branch; Version is '2021.3.10f1 (1c7d0df0160b) revision 1867021'; Using compiler version '192829333'; Build Type 'Release'
OS: 'Windows 11  (10.0.22621) 64bit Professional' Language: 'ko' Physical Memory: 16121 MB
BatchMode: 1, IsHumanControllingUs: 0, StartBugReporterOnCrash: 0, Is64bit: 1, IsPro: 1

COMMAND LINE ARGUMENTS:
C:\Program Files\Unity\Hub\Editor\2021.3.10f1\Editor\Unity.exe
-adb2
-batchMode
-noUpm
-name
AssetImportWorker1
-projectPath
D:/unity/EngineStudy
-logFile
Logs/AssetImportWorker1.log
-srvPort
14680
Successfully changed project path to: D:/unity/EngineStudy
D:/unity/EngineStudy
[UnityMemory] Configuration Parameters - Can be set up in boot.config
    "memorysetup-bucket-allocator-granularity=16"
    "memorysetup-bucket-allocator-bucket-count=8"
    "memorysetup-bucket-allocator-block-size=33554432"
    "memorysetup-bucket-allocator-block-count=8"
    "memorysetup-main-allocator-block-size=16777216"
    "memorysetup-thread-allocator-block-size=16777216"
    "memorysetup-gfx-main-allocator-block-size=16777216"
    "memorysetup-gfx-thread-allocator-block-size=16777216"
    "memorysetup-cache-allocator-block-size=4194304"
    "memorysetup-typetree-allocator-block-size=2097152"
    "memorysetup-profiler-bucket-allocator-granularity=16"
    "memorysetup-profiler-bucket-allocator-bucket-count=8"
    "memorysetup-profiler-bucket-allocator-block-size=33554432"
    "memorysetup-profiler-bucket-allocator-block-count=8"
    "memorysetup-profiler-allocator-block-size=16777216"
    "memorysetup-profiler-editor-allocator-block-size=1048576"
    "memorysetup-temp-allocator-size-main=16777216"
    "memorysetup-job-temp-allocator-block-size=2097152"
    "memorysetup-job-temp-allocator-block-size-background=1048576"
    "memorysetup-job-temp-allocator-reduction-small-platforms=262144"
    "memorysetup-temp-allocator-size-background-worker=32768"
    "memorysetup-temp-allocator-size-job-worker=262144"
    "memorysetup-temp-allocator-size-preload-manager=33554432"
    "memorysetup-temp-allocator-size-nav-mesh-worker=65536"
    "memorysetup-temp-allocator-size-audio-worker=65536"
    "memorysetup-temp-allocator-size-cloud-worker=32768"
    "memorysetup-temp-allocator-size-gi-baking-worker=262144"
    "memorysetup-temp-allocator-size-gfx=262144"
Refreshing native plugins compatible for Editor in 89.19 ms, found 3 plugins.
Preloading 0 native plugins for Editor in 0.00 ms.
Initialize engine version: 2021.3.10f1 (1c7d0df0160b)
[Subsystems] Discovering subsystems at path C:/Program Files/Unity/Hub/Editor/2021.3.10f1/Editor/Data/Resources/UnitySubsystems
[Subsystems] Discovering subsystems at path D:/unity/EngineStudy/Assets
GfxDevice: creating device client; threaded=0; jobified=0
Direct3D:
    Version:  Direct3D 11.0 [level 11.1]
    Renderer: NVIDIA GeForce RTX 3050 Ti Laptop GPU (ID=0x25a0)
    Vendor:   NVIDIA
    VRAM:     3990 MB
    Driver:   27.21.14.6235
Initialize mono
Mono path[0] = 'C:/Program Files/Unity/Hub/Editor/2021.3.10f1/Editor/Data/Managed'
Mono path[1] = 'C:/Program Files/Unity/Hub/Editor/2021.3.10f1/Editor/Data/MonoBleedingEdge/lib/mono/unityjit-win32'
Mono config path = 'C:/Program Files/Unity/Hub/Editor/2021.3.10f1/Editor/Data/MonoBleedingEdge/etc'
Using monoOptions --debugger-agent=transport=dt_socket,embedding=1,server=y,suspend=n,address=127.0.0.1:56576
Begin MonoManager ReloadAssembly
Registering precompiled unity dll's ...
Register platform support module: C:/Program Files/Unity/Hub/Editor/2021.3.10f1/Editor/Data/PlaybackEngines/AndroidPlayer/UnityEditor.Android.Extensions.dll
Register platform support module: C:/Program Files/Unity/Hub/Editor/2021.3.10f1/Editor/Data/PlaybackEngines/WindowsStandaloneSupport/UnityEditor.WindowsStandalone.Extensions.dll
Registered in 0.003552 seconds.
Native extension for WindowsStandalone target not found
Native extension for Android target not found
Refreshing native plugins compatible for Editor in 75.92 ms, found 3 plugins.
Preloading 0 native plugins for Editor in 0.00 ms.
Mono: successfully reloaded assembly
- Completed reload, in  0.626 seconds
Domain Reload Profiling:
	ReloadAssembly (626ms)
		BeginReloadAssembly (70ms)
			ExecutionOrderSort (0ms)
			DisableScriptedObjects (0ms)
			BackupInstance (0ms)
			ReleaseScriptingObjects (0ms)
			CreateAndSetChildDomain (1ms)
		EndReloadAssembly (463ms)
			LoadAssemblies (69ms)
			RebuildTransferFunctionScriptingTraits (0ms)
			SetupTypeCache (110ms)
			ReleaseScriptCaches (0ms)
			RebuildScriptCaches (29ms)
			SetupLoadedEditorAssemblies (271ms)
				LogAssemblyErrors (0ms)
				InitializePlatformSupportModulesInManaged (60ms)
				SetLoadedEditorAssemblies (2ms)
				RefreshPlugins (76ms)
				BeforeProcessingInitializeOnLoad (1ms)
				ProcessInitializeOnLoadAttributes (90ms)
				ProcessInitializeOnLoadMethodAttributes (41ms)
				AfterProcessingInitializeOnLoad (0ms)
				EditorAssembliesLoaded (0ms)
			ExecutionOrderSort2 (0ms)
			AwakeInstancesAfterBackupRestoration (0ms)
Platform modules already initialized, skipping
Registering precompiled user dll's ...
Registered in 0.002396 seconds.
Begin MonoManager ReloadAssembly
Symbol file LoadedFromMemory doesn't match image D:\unity\EngineStudy\Library\PackageCache\com.unity.visualscripting@1.7.8\Editor\VisualScripting.Core\Dependencies\YamlDotNet\Unity.VisualScripting.YamlDotNet.dll
Symbol file LoadedFromMemory doesn't match image D:\unity\EngineStudy\Library\PackageCache\com.unity.visualscripting@1.7.8\Editor\VisualScripting.Core\Dependencies\DotNetZip\Unity.VisualScripting.IonicZip.dll
Native extension for WindowsStandalone target not found
Native extension for Android target not found
Refreshing native plugins compatible for Editor in 0.54 ms, found 3 plugins.
Preloading 0 native plugins for Editor in 0.00 ms.
Mono: successfully reloaded assembly
- Completed reload, in  1.126 seconds
Domain Reload Profiling:
	ReloadAssembly (1127ms)
		BeginReloadAssembly (225ms)
			ExecutionOrderSort (0ms)
			DisableScriptedObjects (4ms)
			BackupInstance (0ms)
			ReleaseScriptingObjects (0ms)
			CreateAndSetChildDomain (133ms)
		EndReloadAssembly (796ms)
			LoadAssemblies (85ms)
			RebuildTransferFunctionScriptingTraits (0ms)
			SetupTypeCache (263ms)
			ReleaseScriptCaches (1ms)
			RebuildScriptCaches (50ms)
			SetupLoadedEditorAssemblies (361ms)
				LogAssemblyErrors (0ms)
				InitializePlatformSupportModulesInManaged (15ms)
				SetLoadedEditorAssemblies (0ms)
				RefreshPlugins (1ms)
				BeforeProcessingInitializeOnLoad (83ms)
				ProcessInitializeOnLoadAttributes (231ms)
				ProcessInitializeOnLoadMethodAttributes (25ms)
				AfterProcessingInitializeOnLoad (6ms)
				EditorAssembliesLoaded (0ms)
			ExecutionOrderSort2 (0ms)
			AwakeInstancesAfterBackupRestoration (10ms)
Platform modules already initialized, skipping
========================================================================
Worker process is ready to serve import requests
Launched and connected shader compiler UnityShaderCompiler.exe after 0.05 seconds
Refreshing native plugins compatible for Editor in 1.04 ms, found 3 plugins.
Preloading 0 native plugins for Editor in 0.00 ms.
Unloading 3380 Unused Serialized files (Serialized files now loaded: 0)
Unloading 27 unused Assets / (113.5 KB). Loaded Objects now: 3839.
Memory consumption went from 120.7 MB to 120.6 MB.
Total: 3.861900 ms (FindLiveObjects: 0.959200 ms CreateObjectMapping: 0.232500 ms MarkObjects: 2.526800 ms  DeleteObjects: 0.140600 ms)

AssetImportParameters requested are different than current active one (requested -> active):
  custom:video-decoder-ogg-theora: a1e56fd34408186e4bbccfd4996cb3dc -> 
  custom:container-muxer-webm: aa71ff27fc2769a1b78a27578f13a17b -> 
  custom:container-demuxer-webm: 4f35f7cbe854078d1ac9338744f61a02 -> 
  custom:video-encoder-webm-vp8: eb34c28f22e8b96e1ab97ce403110664 -> 
  custom:audio-encoder-webm-vorbis: bf7c407c2cedff20999df2af8eb42d56 -> 
  custom:framework-win-MediaFoundation: 216162199b28c13a410421893ffa2e32 -> 
  custom:container-demuxer-ogg: 62fdf1f143b41e24485cea50d1cbac27 -> 
  custom:video-decoder-webm-vp8: 9c59270c3fd7afecdb556c50c9e8de78 -> 
  custom:audio-decoder-ogg-vorbis: bf7c407c2cedff20999df2af8eb42d56 -> 
========================================================================
Received Import Request.
  Time since last request: 1195567.587356 seconds.
  path: Assets/00. Scenes
  artifactKey: Guid(6ea315d0fd7389c41b19996891e99ae3) Importer(815301076,1909f56bfc062723c751e8b465ee728b)
Start importing Assets/00. Scenes using Guid(6ea315d0fd7389c41b19996891e99ae3) Importer(815301076,1909f56bfc062723c751e8b465ee728b)  -> (artifact id: 'ac5819adcfeeff244514a4f45fb25323') in 0.013454 seconds 
========================================================================
Received Prepare
Registering precompiled user dll's ...
Registered in 0.003263 seconds.
Begin MonoManager ReloadAssembly
Symbol file LoadedFromMemory doesn't match image D:\unity\EngineStudy\Library\PackageCache\com.unity.visualscripting@1.7.8\Editor\VisualScripting.Core\Dependencies\YamlDotNet\Unity.VisualScripting.YamlDotNet.dll
Symbol file LoadedFromMemory doesn't match image D:\unity\EngineStudy\Library\PackageCache\com.unity.visualscripting@1.7.8\Editor\VisualScripting.Core\Dependencies\DotNetZip\Unity.VisualScripting.IonicZip.dll
Native extension for WindowsStandalone target not found
Native extension for Android target not found
Refreshing native plugins compatible for Editor in 0.56 ms, found 3 plugins.
Preloading 0 native plugins for Editor in 0.00 ms.
Mono: successfully reloaded assembly
- Completed reload, in  0.890 seconds
Domain Reload Profiling:
	ReloadAssembly (891ms)
		BeginReloadAssembly (173ms)
			ExecutionOrderSort (0ms)
			DisableScriptedObjects (5ms)
			BackupInstance (0ms)
			ReleaseScriptingObjects (0ms)
			CreateAndSetChildDomain (48ms)
		EndReloadAssembly (627ms)
			LoadAssemblies (117ms)
			RebuildTransferFunctionScriptingTraits (0ms)
			SetupTypeCache (213ms)
			ReleaseScriptCaches (1ms)
			RebuildScriptCaches (35ms)
			SetupLoadedEditorAssemblies (261ms)
				LogAssemblyErrors (0ms)
				InitializePlatformSupportModulesInManaged (20ms)
				SetLoadedEditorAssemblies (0ms)
				RefreshPlugins (1ms)
				BeforeProcessingInitializeOnLoad (52ms)
				ProcessInitializeOnLoadAttributes (156ms)
				ProcessInitializeOnLoadMethodAttributes (24ms)
				AfterProcessingInitializeOnLoad (7ms)
				EditorAssembliesLoaded (0ms)
			ExecutionOrderSort2 (0ms)
			AwakeInstancesAfterBackupRestoration (12ms)
Platform modules already initialized, skipping
Refreshing native plugins compatible for Editor in 1.37 ms, found 3 plugins.
Preloading 0 native plugins for Editor in 0.00 ms.
Unloading 3403 Unused Serialized files (Serialized files now loaded: 0)
Unloading 31 unused Assets / (3.0 MB). Loaded Objects now: 3861.
Memory consumption went from 127.8 MB to 124.8 MB.
Total: 3.954000 ms (FindLiveObjects: 0.212100 ms CreateObjectMapping: 0.082100 ms MarkObjects: 2.564800 ms  DeleteObjects: 1.093700 ms)

AssetImportParameters requested are different than current active one (requested -> active):
  custom:video-decoder-ogg-theora: a1e56fd34408186e4bbccfd4996cb3dc -> 
  custom:container-muxer-webm: aa71ff27fc2769a1b78a27578f13a17b -> 
  custom:container-demuxer-webm: 4f35f7cbe854078d1ac9338744f61a02 -> 
  custom:video-encoder-webm-vp8: eb34c28f22e8b96e1ab97ce403110664 -> 
  custom:audio-encoder-webm-vorbis: bf7c407c2cedff20999df2af8eb42d56 -> 
  custom:framework-win-MediaFoundation: 216162199b28c13a410421893ffa2e32 -> 
  custom:container-demuxer-ogg: 62fdf1f143b41e24485cea50d1cbac27 -> 
  custom:video-decoder-webm-vp8: 9c59270c3fd7afecdb556c50c9e8de78 -> 
  custom:audio-decoder-ogg-vorbis: bf7c407c2cedff20999df2af8eb42d56 -> 
========================================================================
Received Prepare
Registering precompiled user dll's ...
Registered in 0.002876 seconds.
Begin MonoManager ReloadAssembly
Symbol file LoadedFromMemory doesn't match image D:\unity\EngineStudy\Library\PackageCache\com.unity.visualscripting@1.7.8\Editor\VisualScripting.Core\Dependencies\YamlDotNet\Unity.VisualScripting.YamlDotNet.dll
Symbol file LoadedFromMemory doesn't match image D:\unity\EngineStudy\Library\PackageCache\com.unity.visualscripting@1.7.8\Editor\VisualScripting.Core\Dependencies\DotNetZip\Unity.VisualScripting.IonicZip.dll
Native extension for WindowsStandalone target not found
Native extension for Android target not found
Refreshing native plugins compatible for Editor in 0.60 ms, found 3 plugins.
Preloading 0 native plugins for Editor in 0.00 ms.
Mono: successfully reloaded assembly
- Completed reload, in  0.891 seconds
Domain Reload Profiling:
	ReloadAssembly (891ms)
		BeginReloadAssembly (152ms)
			ExecutionOrderSort (0ms)
			DisableScriptedObjects (6ms)
			BackupInstance (0ms)
			ReleaseScriptingObjects (0ms)
			CreateAndSetChildDomain (42ms)
		EndReloadAssembly (647ms)
			LoadAssemblies (96ms)
			RebuildTransferFunctionScriptingTraits (0ms)
			SetupTypeCache (240ms)
			ReleaseScriptCaches (1ms)
			RebuildScriptCaches (36ms)
			SetupLoadedEditorAssemblies (264ms)
				LogAssemblyErrors (0ms)
				InitializePlatformSupportModulesInManaged (20ms)
				SetLoadedEditorAssemblies (0ms)
				RefreshPlugins (1ms)
				BeforeProcessingInitializeOnLoad (53ms)
				ProcessInitializeOnLoadAttributes (161ms)
				ProcessInitializeOnLoadMethodAttributes (23ms)
				AfterProcessingInitializeOnLoad (6ms)
				EditorAssembliesLoaded (0ms)
			ExecutionOrderSort2 (0ms)
			AwakeInstancesAfterBackupRestoration (11ms)
Platform modules already initialized, skipping
Refreshing native plugins compatible for Editor in 2.44 ms, found 3 plugins.
Preloading 0 native plugins for Editor in 0.00 ms.
Unloading 3399 Unused Serialized files (Serialized files now loaded: 0)
Unloading 34 unused Assets / (3.0 MB). Loaded Objects now: 3861.
Memory consumption went from 127.6 MB to 124.6 MB.
Total: 6.782200 ms (FindLiveObjects: 0.408700 ms CreateObjectMapping: 0.192400 ms MarkObjects: 4.779800 ms  DeleteObjects: 1.398800 ms)

AssetImportParameters requested are different than current active one (requested -> active):
  custom:video-decoder-ogg-theora: a1e56fd34408186e4bbccfd4996cb3dc -> 
  custom:container-muxer-webm: aa71ff27fc2769a1b78a27578f13a17b -> 
  custom:container-demuxer-webm: 4f35f7cbe854078d1ac9338744f61a02 -> 
  custom:video-encoder-webm-vp8: eb34c28f22e8b96e1ab97ce403110664 -> 
  custom:audio-encoder-webm-vorbis: bf7c407c2cedff20999df2af8eb42d56 -> 
  custom:framework-win-MediaFoundation: 216162199b28c13a410421893ffa2e32 -> 
  custom:container-demuxer-ogg: 62fdf1f143b41e24485cea50d1cbac27 -> 
  custom:video-decoder-webm-vp8: 9c59270c3fd7afecdb556c50c9e8de78 -> 
  custom:audio-decoder-ogg-vorbis: bf7c407c2cedff20999df2af8eb42d56 -> 
========================================================================
Received Import Request.
  Time since last request: 3187.792925 seconds.
  path: Assets/02.Textures/floor/floor_normal.tga
  artifactKey: Guid(8c32659b85509e243af7fdea906f601f) Importer(815301076,1909f56bfc062723c751e8b465ee728b)
Start importing Assets/02.Textures/floor/floor_normal.tga using Guid(8c32659b85509e243af7fdea906f601f) Importer(815301076,1909f56bfc062723c751e8b465ee728b)  -> (artifact id: 'd44ed4ba59a0381dbcc0a2a320fda50f') in 0.095844 seconds 
========================================================================
Received Import Request.
  Time since last request: 722.568805 seconds.
  path: Assets/02.Textures/wall/wall_normal.tga
  artifactKey: Guid(dde585513b2f90a4aaad13c0ea7e5826) Importer(815301076,1909f56bfc062723c751e8b465ee728b)
Start importing Assets/02.Textures/wall/wall_normal.tga using Guid(dde585513b2f90a4aaad13c0ea7e5826) Importer(815301076,1909f56bfc062723c751e8b465ee728b)  -> (artifact id: 'e7d21aa556b1be12503f96fed307bc45') in 0.013002 seconds 
========================================================================
Received Import Request.
  Time since last request: 724.123411 seconds.
  path: Assets/02.Textures/SkyBox Volume 2/DeepSpaceBlue/downImage.png
  artifactKey: Guid(53236b56bc0208c49936b442daccbb62) Importer(815301076,1909f56bfc062723c751e8b465ee728b)
Start importing Assets/02.Textures/SkyBox Volume 2/DeepSpaceBlue/downImage.png using Guid(53236b56bc0208c49936b442daccbb62) Importer(815301076,1909f56bfc062723c751e8b465ee728b)  -> (artifact id: 'a1dca08947b3257b49aaea8404fbdd35') in 0.046839 seconds 
========================================================================
Received Import Request.
  Time since last request: 0.000028 seconds.
  path: Assets/02.Textures/SkyBox Volume 2/DeepSpaceBlue/leftImage.png
  artifactKey: Guid(a40174c675fc1264dbbe1c9b83c7f29f) Importer(815301076,1909f56bfc062723c751e8b465ee728b)
Start importing Assets/02.Textures/SkyBox Volume 2/DeepSpaceBlue/leftImage.png using Guid(a40174c675fc1264dbbe1c9b83c7f29f) Importer(815301076,1909f56bfc062723c751e8b465ee728b)  -> (artifact id: '1520b320484b2b190660c6c6621d16f1') in 0.018536 seconds 
========================================================================
Received Import Request.
  Time since last request: 0.000043 seconds.
  path: Assets/02.Textures/SkyBox Volume 2/DeepSpaceBlue/frontImage.png
  artifactKey: Guid(3c74d9b24e6f1a24c8a23d012f45f750) Importer(815301076,1909f56bfc062723c751e8b465ee728b)
Start importing Assets/02.Textures/SkyBox Volume 2/DeepSpaceBlue/frontImage.png using Guid(3c74d9b24e6f1a24c8a23d012f45f750) Importer(815301076,1909f56bfc062723c751e8b465ee728b)  -> (artifact id: '9ee3e2845aefd610a760d5ad5c4e6e41') in 0.010668 seconds 
========================================================================
Received Import Request.
  Time since last request: 0.000087 seconds.
  path: Assets/02.Textures/SkyBox Volume 2/DeepSpaceBlue/rightImage.png
  artifactKey: Guid(9dd9f87fe1ab7744fb7fb7046e3cfbfb) Importer(815301076,1909f56bfc062723c751e8b465ee728b)
Start importing Assets/02.Textures/SkyBox Volume 2/DeepSpaceBlue/rightImage.png using Guid(9dd9f87fe1ab7744fb7fb7046e3cfbfb) Importer(815301076,1909f56bfc062723c751e8b465ee728b)  -> (artifact id: 'cc45318549a385fbd6b86f71c700d086') in 0.013273 seconds 
========================================================================
Received Import Request.
  Time since last request: 0.000049 seconds.
  path: Assets/02.Textures/SkyBox Volume 2/DeepSpaceBlue/upImage.png
  artifactKey: Guid(bd01d8f5deedc054ea3c866c4df95a94) Importer(815301076,1909f56bfc062723c751e8b465ee728b)
Start importing Assets/02.Textures/SkyBox Volume 2/DeepSpaceBlue/upImage.png using Guid(bd01d8f5deedc054ea3c866c4df95a94) Importer(815301076,1909f56bfc062723c751e8b465ee728b)  -> (artifact id: '980c94f63c13ed8ef2bd1d43ad585db2') in 0.011369 seconds 
========================================================================
Received Import Request.
  Time since last request: 6.422237 seconds.
  path: Assets/02.Textures/SkyBox Volume 2/Stars01/frontImage.png
  artifactKey: Guid(c3883dd823634424cb7f77b7808dfb71) Importer(815301076,1909f56bfc062723c751e8b465ee728b)
Start importing Assets/02.Textures/SkyBox Volume 2/Stars01/frontImage.png using Guid(c3883dd823634424cb7f77b7808dfb71) Importer(815301076,1909f56bfc062723c751e8b465ee728b)  -> (artifact id: '0c7027e1bc1d5bb18000cb34df6057c0') in 0.028305 seconds 
========================================================================
Received Import Request.
  Time since last request: 0.000018 seconds.
  path: Assets/02.Textures/SkyBox Volume 2/Stars01/StarSkyBox.mat
  artifactKey: Guid(b9be0c15efe8ad9489fdeead114d8ec5) Importer(815301076,1909f56bfc062723c751e8b465ee728b)
Start importing Assets/02.Textures/SkyBox Volume 2/Stars01/StarSkyBox.mat using Guid(b9be0c15efe8ad9489fdeead114d8ec5) Importer(815301076,1909f56bfc062723c751e8b465ee728b)  -> (artifact id: '4d486180a6f78d77beda9323e2067106') in 0.179390 seconds 
========================================================================
Received Import Request.
  Time since last request: 38.691655 seconds.
  path: Assets/02.Textures/SkyBox Volume 2/DeepSpaceGreenWithPlanet/DSGWP.mat
  artifactKey: Guid(5b21c6a8ce40f9641bd1204324b90b2c) Importer(815301076,1909f56bfc062723c751e8b465ee728b)
Start importing Assets/02.Textures/SkyBox Volume 2/DeepSpaceGreenWithPlanet/DSGWP.mat using Guid(5b21c6a8ce40f9641bd1204324b90b2c) Importer(815301076,1909f56bfc062723c751e8b465ee728b)  -> (artifact id: '9d480a2139f8d0dd2ccd69c41906ada1') in 0.068389 seconds 
========================================================================
Received Import Request.
  Time since last request: 0.000023 seconds.
  path: Assets/02.Textures/SkyBox Volume 2/DeepSpaceGreenWithPlanet/frontImage.png
  artifactKey: Guid(400d172508883dc4eb23264cb156581f) Importer(815301076,1909f56bfc062723c751e8b465ee728b)
Start importing Assets/02.Textures/SkyBox Volume 2/DeepSpaceGreenWithPlanet/frontImage.png using Guid(400d172508883dc4eb23264cb156581f) Importer(815301076,1909f56bfc062723c751e8b465ee728b)  -> (artifact id: 'cf211d463b0604b6110bb1c703cd0454') in 0.023881 seconds 
========================================================================
Received Import Request.
  Time since last request: 1.694837 seconds.
  path: Assets/02.Textures/SkyBox Volume 2/DeepSpaceGreen/DSG.mat
  artifactKey: Guid(a07fadb24ea940240afba3afc1a692cc) Importer(815301076,1909f56bfc062723c751e8b465ee728b)
Start importing Assets/02.Textures/SkyBox Volume 2/DeepSpaceGreen/DSG.mat using Guid(a07fadb24ea940240afba3afc1a692cc) Importer(815301076,1909f56bfc062723c751e8b465ee728b)  -> (artifact id: 'f319206f2af3960dc38ce34c70d4c68e') in 0.038768 seconds 
========================================================================
Received Import Request.
  Time since last request: 0.000033 seconds.
  path: Assets/02.Textures/SkyBox Volume 2/DeepSpaceGreen/leftImage.png
  artifactKey: Guid(b3e3bb55f10dc644daa8a354dc0030ed) Importer(815301076,1909f56bfc062723c751e8b465ee728b)
Start importing Assets/02.Textures/SkyBox Volume 2/DeepSpaceGreen/leftImage.png using Guid(b3e3bb55f10dc644daa8a354dc0030ed) Importer(815301076,1909f56bfc062723c751e8b465ee728b)  -> (artifact id: 'a06cfe471aade97f81fc10f778e75c96') in 0.018109 seconds 
========================================================================
Received Import Request.
  Time since last request: 0.537193 seconds.
  path: Assets/02.Textures/SkyBox Volume 2/DeepSpaceBlueWithPlanet/DSBWP.mat
  artifactKey: Guid(b8f20d5ca50d16143afc11f5e4af6fc1) Importer(815301076,1909f56bfc062723c751e8b465ee728b)
Start importing Assets/02.Textures/SkyBox Volume 2/DeepSpaceBlueWithPlanet/DSBWP.mat using Guid(b8f20d5ca50d16143afc11f5e4af6fc1) Importer(815301076,1909f56bfc062723c751e8b465ee728b)  -> (artifact id: '52030c443a726f5c23d98d005aaa0634') in 0.036546 seconds 
========================================================================
Received Import Request.
  Time since last request: 0.000036 seconds.
  path: Assets/02.Textures/SkyBox Volume 2/DeepSpaceBlueWithPlanet/upImage.png
  artifactKey: Guid(5c4046e19400c9f44961b6350406ae65) Importer(815301076,1909f56bfc062723c751e8b465ee728b)
Start importing Assets/02.Textures/SkyBox Volume 2/DeepSpaceBlueWithPlanet/upImage.png using Guid(5c4046e19400c9f44961b6350406ae65) Importer(815301076,1909f56bfc062723c751e8b465ee728b)  -> (artifact id: '49db39ae6949393a550890ca0b9fd258') in 0.022274 seconds 
========================================================================
Received Import Request.
  Time since last request: 3.345524 seconds.
  path: Assets/02.Textures/SkyBox Volume 2/DeepSpaceRed/DSR.mat
  artifactKey: Guid(966766f4829d6ad419eaaf7cf0712f85) Importer(815301076,1909f56bfc062723c751e8b465ee728b)
Start importing Assets/02.Textures/SkyBox Volume 2/DeepSpaceRed/DSR.mat using Guid(966766f4829d6ad419eaaf7cf0712f85) Importer(815301076,1909f56bfc062723c751e8b465ee728b)  -> (artifact id: '45da0030b831c74943ef1e7f76bf49b4') in 0.039825 seconds 
========================================================================
Received Import Request.
  Time since last request: 0.000034 seconds.
  path: Assets/02.Textures/SkyBox Volume 2/DeepSpaceRed/upImage.png
  artifactKey: Guid(640a66a6c0d7e9a43950f36dd7dc9094) Importer(815301076,1909f56bfc062723c751e8b465ee728b)
Start importing Assets/02.Textures/SkyBox Volume 2/DeepSpaceRed/upImage.png using Guid(640a66a6c0d7e9a43950f36dd7dc9094) Importer(815301076,1909f56bfc062723c751e8b465ee728b)  -> (artifact id: 'c1a91393921d0f37445c2330aee93efb') in 0.020742 seconds 
========================================================================
Received Prepare
Registering precompiled user dll's ...
Registered in 0.002611 seconds.
Begin MonoManager ReloadAssembly
Symbol file LoadedFromMemory doesn't match image D:\unity\EngineStudy\Library\PackageCache\com.unity.visualscripting@1.7.8\Editor\VisualScripting.Core\Dependencies\YamlDotNet\Unity.VisualScripting.YamlDotNet.dll
Symbol file LoadedFromMemory doesn't match image D:\unity\EngineStudy\Library\PackageCache\com.unity.visualscripting@1.7.8\Editor\VisualScripting.Core\Dependencies\DotNetZip\Unity.VisualScripting.IonicZip.dll
Native extension for WindowsStandalone target not found
Native extension for Android target not found
Refreshing native plugins compatible for Editor in 0.75 ms, found 3 plugins.
Preloading 0 native plugins for Editor in 0.00 ms.
Mono: successfully reloaded assembly
- Completed reload, in  1.005 seconds
Domain Reload Profiling:
	ReloadAssembly (1006ms)
		BeginReloadAssembly (171ms)
			ExecutionOrderSort (0ms)
			DisableScriptedObjects (5ms)
			BackupInstance (0ms)
			ReleaseScriptingObjects (0ms)
			CreateAndSetChildDomain (68ms)
		EndReloadAssembly (743ms)
			LoadAssemblies (89ms)
			RebuildTransferFunctionScriptingTraits (0ms)
			SetupTypeCache (265ms)
			ReleaseScriptCaches (2ms)
			RebuildScriptCaches (41ms)
			SetupLoadedEditorAssemblies (315ms)
				LogAssemblyErrors (0ms)
				InitializePlatformSupportModulesInManaged (21ms)
				SetLoadedEditorAssemblies (0ms)
				RefreshPlugins (1ms)
				BeforeProcessingInitializeOnLoad (61ms)
				ProcessInitializeOnLoadAttributes (199ms)
				ProcessInitializeOnLoadMethodAttributes (29ms)
				AfterProcessingInitializeOnLoad (4ms)
				EditorAssembliesLoaded (0ms)
			ExecutionOrderSort2 (0ms)
			AwakeInstancesAfterBackupRestoration (10ms)
Platform modules already initialized, skipping
Refreshing native plugins compatible for Editor in 1.63 ms, found 3 plugins.
Preloading 0 native plugins for Editor in 0.00 ms.
Unloading 3399 Unused Serialized files (Serialized files now loaded: 0)
Unloading 31 unused Assets / (3.1 MB). Loaded Objects now: 3910.
Memory consumption went from 132.6 MB to 129.6 MB.
Total: 4.808200 ms (FindLiveObjects: 0.325300 ms CreateObjectMapping: 0.118600 ms MarkObjects: 3.013500 ms  DeleteObjects: 1.349300 ms)

AssetImportParameters requested are different than current active one (requested -> active):
  custom:video-decoder-ogg-theora: a1e56fd34408186e4bbccfd4996cb3dc -> 
  custom:container-muxer-webm: aa71ff27fc2769a1b78a27578f13a17b -> 
  custom:container-demuxer-webm: 4f35f7cbe854078d1ac9338744f61a02 -> 
  custom:video-encoder-webm-vp8: eb34c28f22e8b96e1ab97ce403110664 -> 
  custom:audio-encoder-webm-vorbis: bf7c407c2cedff20999df2af8eb42d56 -> 
  custom:framework-win-MediaFoundation: 216162199b28c13a410421893ffa2e32 -> 
  custom:container-demuxer-ogg: 62fdf1f143b41e24485cea50d1cbac27 -> 
  custom:video-decoder-webm-vp8: 9c59270c3fd7afecdb556c50c9e8de78 -> 
  custom:audio-decoder-ogg-vorbis: bf7c407c2cedff20999df2af8eb42d56 -> 
